Build started 7/15/2020 10:25:06 PM.
     1>Project "F:\Imp Study Material\Application In C\Student_Application_Using_LinkedList\Student_Application_Using_LinkedList\Student_Application_Using_LinkedList.vcxproj" on node 2 (build target(s)).
     1>InitializeBuildStatus:
         Creating "Debug\Student_Application_Using_LinkedList.unsuccessfulbuild" because "AlwaysCreate" was specified.
       ClCompile:
         C:\Program Files (x86)\Microsoft Visual Studio 10.0\VC\bin\CL.exe /c /ZI /nologo /W3 /WX- /Od /Oy- /D WIN32 /D _DEBUG /D _CONSOLE /D _UNICODE /D UNICODE /Gm /EHsc /RTC1 /MDd /GS /fp:precise /Zc:wchar_t /Zc:forScope /Fo"Debug\\" /Fd"Debug\vc100.pdb" /Gd /TP /analyze- /errorReport:prompt Student_Application.cpp
         Student_Application.cpp
     1>f:\imp study material\application in c\student_application_using_linkedlist\student_application_using_linkedlist\student_application.cpp(66): warning C4996: 'scanf': This function or variable may be unsafe. Consider using scanf_s instead. To disable deprecation, use _CRT_SECURE_NO_WARNINGS. See online help for details.
                 c:\program files (x86)\microsoft visual studio 10.0\vc\include\stdio.h(304) : see declaration of 'scanf'
     1>f:\imp study material\application in c\student_application_using_linkedlist\student_application_using_linkedlist\student_application.cpp(70): warning C4996: 'getche': The POSIX name for this item is deprecated. Instead, use the ISO C++ conformant name: _getche. See online help for details.
                 c:\program files (x86)\microsoft visual studio 10.0\vc\include\conio.h(129) : see declaration of 'getche'
     1>f:\imp study material\application in c\student_application_using_linkedlist\student_application_using_linkedlist\student_application.cpp(80): warning C4996: 'getch': The POSIX name for this item is deprecated. Instead, use the ISO C++ conformant name: _getch. See online help for details.
                 c:\program files (x86)\microsoft visual studio 10.0\vc\include\conio.h(128) : see declaration of 'getch'
     1>f:\imp study material\application in c\student_application_using_linkedlist\student_application_using_linkedlist\student_application.cpp(82): warning C4996: 'scanf': This function or variable may be unsafe. Consider using scanf_s instead. To disable deprecation, use _CRT_SECURE_NO_WARNINGS. See online help for details.
                 c:\program files (x86)\microsoft visual studio 10.0\vc\include\stdio.h(304) : see declaration of 'scanf'
     1>f:\imp study material\application in c\student_application_using_linkedlist\student_application_using_linkedlist\student_application.cpp(305): warning C4996: 'scanf': This function or variable may be unsafe. Consider using scanf_s instead. To disable deprecation, use _CRT_SECURE_NO_WARNINGS. See online help for details.
                 c:\program files (x86)\microsoft visual studio 10.0\vc\include\stdio.h(304) : see declaration of 'scanf'
     1>f:\imp study material\application in c\student_application_using_linkedlist\student_application_using_linkedlist\student_application.cpp(347): warning C4996: 'getch': The POSIX name for this item is deprecated. Instead, use the ISO C++ conformant name: _getch. See online help for details.
                 c:\program files (x86)\microsoft visual studio 10.0\vc\include\conio.h(128) : see declaration of 'getch'
       ManifestResourceCompile:
         All outputs are up-to-date.
       Link:
         C:\Program Files (x86)\Microsoft Visual Studio 10.0\VC\bin\link.exe /ERRORREPORT:PROMPT /OUT:"F:\Imp Study Material\Application In C\Student_Application_Using_LinkedList\Debug\Student_Application_Using_LinkedList.exe" /INCREMENTAL /NOLOGO kernel32.lib user32.lib gdi32.lib winspool.lib comdlg32.lib advapi32.lib shell32.lib ole32.lib oleaut32.lib uuid.lib odbc32.lib odbccp32.lib /MANIFEST /ManifestFile:"Debug\Student_Application_Using_LinkedList.exe.intermediate.manifest" /MANIFESTUAC:"level='asInvoker' uiAccess='false'" /DEBUG /PDB:"F:\Imp Study Material\Application In C\Student_Application_Using_LinkedList\Debug\Student_Application_Using_LinkedList.pdb" /SUBSYSTEM:CONSOLE /TLBID:1 /DYNAMICBASE /NXCOMPAT /IMPLIB:"F:\Imp Study Material\Application In C\Student_Application_Using_LinkedList\Debug\Student_Application_Using_LinkedList.lib" /MACHINE:X86 Debug\Student_Application_Using_LinkedList.exe.embed.manifest.res
         Debug\Student_Application.obj
       Manifest:
         C:\Program Files (x86)\Microsoft SDKs\Windows\v7.0A\bin\mt.exe /nologo /verbose /out:"Debug\Student_Application_Using_LinkedList.exe.embed.manifest" /manifest Debug\Student_Application_Using_LinkedList.exe.intermediate.manifest
         All outputs are up-to-date.
       LinkEmbedManifest:
         All outputs are up-to-date.
         Student_Application_Using_LinkedList.vcxproj -> F:\Imp Study Material\Application In C\Student_Application_Using_LinkedList\Debug\Student_Application_Using_LinkedList.exe
       FinalizeBuildStatus:
         Deleting file "Debug\Student_Application_Using_LinkedList.unsuccessfulbuild".
         Touching "Debug\Student_Application_Using_LinkedList.lastbuildstate".
     1>Done Building Project "F:\Imp Study Material\Application In C\Student_Application_Using_LinkedList\Student_Application_Using_LinkedList\Student_Application_Using_LinkedList.vcxproj" (build target(s)).

Build succeeded.

Time Elapsed 00:00:03.04
